> Task :gradle:compileJava NO-SOURCE
> Task :gradle:compileGroovy UP-TO-DATE
> Task :gradle:pluginDescriptors UP-TO-DATE
> Task :gradle:processResources UP-TO-DATE
> Task :gradle:classes UP-TO-DATE
> Task :gradle:jar UP-TO-DATE

> Configure project :url_launcher_android
./gradlew : One or more plugins require 
a higher Android NDK version.
Au caractère Ligne:1 : 1
+ ./gradlew assembleDebug --stacktrace 
> build_logs.txt 2>&1
+ ~~~~~~~~~~~~~~~~~~~~~~~~~~~~~~~~~~~~~~
~~~~~~~~~~~~~~~~~~~~
    + CategoryInfo          : NotSpecif 
   ied: (One or more plu...id NDK vers  
  ion.:String) [], RemoteException
    + FullyQualifiedErrorId : NativeCom 
   mandError
 
Fix this issue by adding the following 
to D:\10. Programmation\Projets-Sheila\A
genda\mobile\android\app\build.gradle:
android {
  ndkVersion "25.1.8937393"
  ...
}


> Task :app:preBuild UP-TO-DATE
> Task :app:preDebugBuild UP-TO-DATE
> Task :app:mergeDebugNativeDebugMetadata NO-SOURCE
> Task :app:compileFlutterBuildDebug UP-TO-DATE
> Task :app:packJniLibsflutterBuildDebug UP-TO-DATE
> Task :app_links:preBuild UP-TO-DATE
> Task :app_links:preDebugBuild UP-TO-DATE
> Task :app_links:writeDebugAarMetadata UP-TO-DATE
> Task :flutter_local_notifications:preBuild UP-TO-DATE
> Task :flutter_local_notifications:preDebugBuild UP-TO-DATE
> Task :flutter_local_notifications:writeDebugAarMetadata UP-TO-DATE
> Task :google_sign_in_android:preBuild UP-TO-DATE
> Task :google_sign_in_android:preDebugBuild UP-TO-DATE
> Task :google_sign_in_android:writeDebugAarMetadata UP-TO-DATE
> Task :path_provider_android:preBuild UP-TO-DATE
> Task :path_provider_android:preDebugBuild UP-TO-DATE
> Task :path_provider_android:writeDebugAarMetadata UP-TO-DATE
> Task :shared_preferences_android:preBuild UP-TO-DATE
> Task :shared_preferences_android:preDebugBuild UP-TO-DATE
> Task :shared_preferences_android:writeDebugAarMetadata UP-TO-DATE
> Task :speech_to_text:preBuild UP-TO-DATE
> Task :speech_to_text:preDebugBuild UP-TO-DATE
> Task :speech_to_text:writeDebugAarMetadata UP-TO-DATE
> Task :url_launcher_android:preBuild UP-TO-DATE
> Task :url_launcher_android:preDebugBuild UP-TO-DATE
> Task :url_launcher_android:writeDebugAarMetadata UP-TO-DATE
> Task :app:cleanMergeDebugAssets UP-TO-DATE
> Task :app:mergeDebugShaders UP-TO-DATE
> Task :app:compileDebugShaders NO-SOURCE
> Task :app:generateDebugAssets UP-TO-DATE
> Task :app_links:mergeDebugShaders UP-TO-DATE
> Task :app_links:compileDebugShaders NO-SOURCE
> Task :app_links:generateDebugAssets UP-TO-DATE
> Task :app_links:packageDebugAssets UP-TO-DATE
> Task :flutter_local_notifications:mergeDebugShaders UP-TO-DATE
> Task :flutter_local_notifications:compileDebugShaders NO-SOURCE
> Task :flutter_local_notifications:generateDebugAssets UP-TO-DATE
> Task :app:checkDebugAarMetadata FAILED
> Task :flutter_local_notifications:packageDebugAssets

FAILURE: Build failed with an exception.

* What went wrong:
Execution failed for task 
':app:checkDebugAarMetadata'.
> A failure occurred while executing com
.android.build.gradle.internal.tasks.Che
ckAarMetadataWorkAction
   > An issue was found when checking 
AAR metadata:
     
       1.  Dependency 
':flutter_local_notifications' requires 
core library desugaring to be enabled
           for :app.
     
           See https://developer.android
.com/studio/write/java8-support.html 
for more
           details.

* Try:
> Run with --info or --debug option to 
get more log output.
> Run with --scan to get full insights.
> Get more help at 
https://help.gradle.org.

* Exception is:
org.gradle.api.tasks.TaskExecutionExcept
ion: Execution failed for task 
':app:checkDebugAarMetadata'.
	at org.gradle.api.internal.tasks.execut
ion.ExecuteActionsTaskExecuter.lambda$ex
ecuteIfValid$1(ExecuteActionsTaskExecute
r.java:130)
	at org.gradle.internal.Try$Failure.ifSu
ccessfulOrElse(Try.java:293)
	at org.gradle.api.internal.tasks.execut
ion.ExecuteActionsTaskExecuter.executeIf
Valid(ExecuteActionsTaskExecuter.java:12
8)
	at org.gradle.api.internal.tasks.execut
ion.ExecuteActionsTaskExecuter.execute(E
xecuteActionsTaskExecuter.java:116)
	at org.gradle.api.internal.tasks.execut
ion.FinalizePropertiesTaskExecuter.execu
te(FinalizePropertiesTaskExecuter.java:4
6)
	at org.gradle.api.internal.tasks.execut
ion.ResolveTaskExecutionModeExecuter.exe
cute(ResolveTaskExecutionModeExecuter.ja
va:51)
	at org.gradle.api.internal.tasks.execut
ion.SkipTaskWithNoActionsExecuter.execut
e(SkipTaskWithNoActionsExecuter.java:57)
	at org.gradle.api.internal.tasks.execut
ion.SkipOnlyIfTaskExecuter.execute(SkipO
nlyIfTaskExecuter.java:74)
	at org.gradle.api.internal.tasks.execut
ion.CatchExceptionTaskExecuter.execute(C
atchExceptionTaskExecuter.java:36)
	at org.gradle.api.internal.tasks.execut
ion.EventFiringTaskExecuter$1.executeTas
k(EventFiringTaskExecuter.java:77)
	at org.gradle.api.internal.tasks.execut
ion.EventFiringTaskExecuter$1.call(Event
FiringTaskExecuter.java:55)
	at org.gradle.api.internal.tasks.execut
ion.EventFiringTaskExecuter$1.call(Event
FiringTaskExecuter.java:52)
	at org.gradle.internal.operations.Defau
ltBuildOperationRunner$CallableBuildOper
ationWorker.execute(DefaultBuildOperatio
nRunner.java:209)
	at org.gradle.internal.operations.Defau
ltBuildOperationRunner$CallableBuildOper
ationWorker.execute(DefaultBuildOperatio
nRunner.java:204)
	at org.gradle.internal.operations.Defau
ltBuildOperationRunner$2.execute(Default
BuildOperationRunner.java:66)
	at org.gradle.internal.operations.Defau
ltBuildOperationRunner$2.execute(Default
BuildOperationRunner.java:59)
	at org.gradle.internal.operations.Defau
ltBuildOperationRunner.execute(DefaultBu
ildOperationRunner.java:166)
	at org.gradle.internal.operations.Defau
ltBuildOperationRunner.execute(DefaultBu
ildOperationRunner.java:59)
	at org.gradle.internal.operations.Defau
ltBuildOperationRunner.call(DefaultBuild
OperationRunner.java:53)
	at org.gradle.api.internal.tasks.execut
ion.EventFiringTaskExecuter.execute(Even
tFiringTaskExecuter.java:52)
	at org.gradle.execution.plan.LocalTaskN
odeExecutor.execute(LocalTaskNodeExecuto
r.java:42)
	at org.gradle.execution.taskgraph.Defau
ltTaskExecutionGraph$InvokeNodeExecutors
Action.execute(DefaultTaskExecutionGraph
.java:331)
	at org.gradle.execution.taskgraph.Defau
ltTaskExecutionGraph$InvokeNodeExecutors
Action.execute(DefaultTaskExecutionGraph
.java:318)
	at org.gradle.execution.taskgraph.Defau
ltTaskExecutionGraph$BuildOperationAware
ExecutionAction.lambda$execute$0(Default
TaskExecutionGraph.java:314)
	at org.gradle.internal.operations.Curre
ntBuildOperationRef.with(CurrentBuildOpe
rationRef.java:85)
	at org.gradle.execution.taskgraph.Defau
ltTaskExecutionGraph$BuildOperationAware
ExecutionAction.execute(DefaultTaskExecu
tionGraph.java:314)
	at org.gradle.execution.taskgraph.Defau
ltTaskExecutionGraph$BuildOperationAware
ExecutionAction.execute(DefaultTaskExecu
tionGraph.java:303)
	at org.gradle.execution.plan.DefaultPla
nExecutor$ExecutorWorker.execute(Default
PlanExecutor.java:459)
	at org.gradle.execution.plan.DefaultPla
nExecutor$ExecutorWorker.run(DefaultPlan
Executor.java:376)
	at org.gradle.internal.concurrent.Execu
torPolicy$CatchAndRecordFailures.onExecu
te(ExecutorPolicy.java:64)
	at org.gradle.internal.concurrent.Abstr
actManagedExecutor$1.run(AbstractManaged
Executor.java:48)
Caused by: org.gradle.workers.internal.D
efaultWorkerExecutor$WorkExecutionExcept
ion: A failure occurred while executing 
com.android.build.gradle.internal.tasks.
CheckAarMetadataWorkAction
	at org.gradle.workers.internal.DefaultW
orkerExecutor$WorkItemExecution.waitForC
ompletion(DefaultWorkerExecutor.java:287
)
	at org.gradle.internal.work.DefaultAsyn
cWorkTracker.lambda$waitForItemsAndGathe
rFailures$2(DefaultAsyncWorkTracker.java
:130)
	at org.gradle.internal.Factories$1.crea
te(Factories.java:31)
	at org.gradle.internal.work.DefaultWork
erLeaseService.withoutLocks(DefaultWorke
rLeaseService.java:339)
	at org.gradle.internal.work.DefaultWork
erLeaseService.withoutLocks(DefaultWorke
rLeaseService.java:322)
	at org.gradle.internal.work.DefaultWork
erLeaseService.withoutLock(DefaultWorker
LeaseService.java:327)
	at org.gradle.internal.work.DefaultAsyn
cWorkTracker.waitForItemsAndGatherFailur
es(DefaultAsyncWorkTracker.java:126)
	at org.gradle.internal.work.DefaultAsyn
cWorkTracker.waitForItemsAndGatherFailur
es(DefaultAsyncWorkTracker.java:92)
	at org.gradle.internal.work.DefaultAsyn
cWorkTracker.waitForAll(DefaultAsyncWork
Tracker.java:78)
	at org.gradle.internal.work.DefaultAsyn
cWorkTracker.waitForCompletion(DefaultAs
yncWorkTracker.java:66)
	at org.gradle.api.internal.tasks.execut
ion.TaskExecution$3.run(TaskExecution.ja
va:252)
	at org.gradle.internal.operations.Defau
ltBuildOperationRunner$1.execute(Default
BuildOperationRunner.java:29)
	at org.gradle.internal.operations.Defau
ltBuildOperationRunner$1.execute(Default
BuildOperationRunner.java:26)
	at org.gradle.internal.operations.Defau
ltBuildOperationRunner$2.execute(Default
BuildOperationRunner.java:66)
	at org.gradle.internal.operations.Defau
ltBuildOperationRunner$2.execute(Default
BuildOperationRunner.java:59)
	at org.gradle.internal.operations.Defau
ltBuildOperationRunner.execute(DefaultBu
ildOperationRunner.java:166)
	at org.gradle.internal.operations.Defau
ltBuildOperationRunner.execute(DefaultBu
ildOperationRunner.java:59)
	at org.gradle.internal.operations.Defau
ltBuildOperationRunner.run(DefaultBuildO
perationRunner.java:47)
	at org.gradle.api.internal.tasks.execut
ion.TaskExecution.executeAction(TaskExec
ution.java:229)
	at org.gradle.api.internal.tasks.execut
ion.TaskExecution.executeActions(TaskExe
cution.java:212)
	at org.gradle.api.internal.tasks.execut
ion.TaskExecution.executeWithPreviousOut
putFiles(TaskExecution.java:195)
	at org.gradle.api.internal.tasks.execut
ion.TaskExecution.execute(TaskExecution.
java:162)
	at org.gradle.internal.execution.steps.
ExecuteStep.executeInternal(ExecuteStep.
java:105)
	at org.gradle.internal.execution.steps.
ExecuteStep.access$000(ExecuteStep.java:
44)
	at org.gradle.internal.execution.steps.
ExecuteStep$1.call(ExecuteStep.java:59)
	at org.gradle.internal.execution.steps.
ExecuteStep$1.call(ExecuteStep.java:56)
	at org.gradle.internal.operations.Defau
ltBuildOperationRunner$CallableBuildOper
ationWorker.execute(DefaultBuildOperatio
nRunner.java:209)
	at org.gradle.internal.operations.Defau
ltBuildOperationRunner$CallableBuildOper
ationWorker.execute(DefaultBuildOperatio
nRunner.java:204)
	at org.gradle.internal.operations.Defau
ltBuildOperationRunner$2.execute(Default
BuildOperationRunner.java:66)
	at org.gradle.internal.operations.Defau
ltBuildOperationRunner$2.execute(Default
BuildOperationRunner.java:59)
	at org.gradle.internal.operations.Defau
ltBuildOperationRunner.execute(DefaultBu
ildOperationRunner.java:166)
	at org.gradle.internal.operations.Defau
ltBuildOperationRunner.execute(DefaultBu
ildOperationRunner.java:59)
	at org.gradle.internal.operations.Defau
ltBuildOperationRunner.call(DefaultBuild
OperationRunner.java:53)
	at org.gradle.internal.execution.steps.
ExecuteStep.execute(ExecuteStep.java:56)
	at org.gradle.internal.execution.steps.
ExecuteStep.execute(ExecuteStep.java:44)
	at org.gradle.internal.execution.steps.
CancelExecutionStep.execute(CancelExecut
ionStep.java:42)
	at org.gradle.internal.execution.steps.
TimeoutStep.executeWithoutTimeout(Timeou
tStep.java:75)
	at org.gradle.internal.execution.steps.
TimeoutStep.execute(TimeoutStep.java:55)
	at org.gradle.internal.execution.steps.
PreCreateOutputParentsStep.execute(PreCr
eateOutputParentsStep.java:50)
	at org.gradle.internal.execution.steps.
PreCreateOutputParentsStep.execute(PreCr
eateOutputParentsStep.java:28)
	at org.gradle.internal.execution.steps.
RemovePreviousOutputsStep.execute(Remove
PreviousOutputsStep.java:67)
	at org.gradle.internal.execution.steps.
RemovePreviousOutputsStep.execute(Remove
PreviousOutputsStep.java:37)
	at org.gradle.internal.execution.steps.
BroadcastChangingOutputsStep.execute(Bro
adcastChangingOutputsStep.java:61)
	at org.gradle.internal.execution.steps.
BroadcastChangingOutputsStep.execute(Bro
adcastChangingOutputsStep.java:26)
	at org.gradle.internal.execution.steps.
CaptureOutputsAfterExecutionStep.execute
(CaptureOutputsAfterExecutionStep.java:6
9)
	at org.gradle.internal.execution.steps.
CaptureOutputsAfterExecutionStep.execute
(CaptureOutputsAfterExecutionStep.java:4
6)
	at org.gradle.internal.execution.steps.
ResolveInputChangesStep.execute(ResolveI
nputChangesStep.java:40)
	at org.gradle.internal.execution.steps.
ResolveInputChangesStep.execute(ResolveI
nputChangesStep.java:29)
	at org.gradle.internal.execution.steps.
BuildCacheStep.executeWithoutCache(Build
CacheStep.java:189)
	at org.gradle.internal.execution.steps.
BuildCacheStep.lambda$execute$1(BuildCac
heStep.java:75)
	at org.gradle.internal.Either$Right.fol
d(Either.java:175)
	at org.gradle.internal.execution.cachin
g.CachingState.fold(CachingState.java:62
)
	at org.gradle.internal.execution.steps.
BuildCacheStep.execute(BuildCacheStep.ja
va:73)
	at org.gradle.internal.execution.steps.
BuildCacheStep.execute(BuildCacheStep.ja
va:48)
	at org.gradle.internal.execution.steps.
StoreExecutionStateStep.execute(StoreExe
cutionStateStep.java:46)
	at org.gradle.internal.execution.steps.
StoreExecutionStateStep.execute(StoreExe
cutionStateStep.java:35)
	at org.gradle.internal.execution.steps.
SkipUpToDateStep.executeBecause(SkipUpTo
DateStep.java:75)
	at org.gradle.internal.execution.steps.
SkipUpToDateStep.lambda$execute$2(SkipUp
ToDateStep.java:53)
	at org.gradle.internal.execution.steps.
SkipUpToDateStep.execute(SkipUpToDateSte
p.java:53)
	at org.gradle.internal.execution.steps.
SkipUpToDateStep.execute(SkipUpToDateSte
p.java:35)
	at org.gradle.internal.execution.steps.
legacy.MarkSnapshottingInputsFinishedSte
p.execute(MarkSnapshottingInputsFinished
Step.java:37)
	at org.gradle.internal.execution.steps.
legacy.MarkSnapshottingInputsFinishedSte
p.execute(MarkSnapshottingInputsFinished
Step.java:27)
	at org.gradle.internal.execution.steps.
ResolveIncrementalCachingStateStep.execu
teDelegate(ResolveIncrementalCachingStat
eStep.java:49)
	at org.gradle.internal.execution.steps.
ResolveIncrementalCachingStateStep.execu
teDelegate(ResolveIncrementalCachingStat
eStep.java:27)
	at org.gradle.internal.execution.steps.
AbstractResolveCachingStateStep.execute(
AbstractResolveCachingStateStep.java:71)
	at org.gradle.internal.execution.steps.
AbstractResolveCachingStateStep.execute(
AbstractResolveCachingStateStep.java:39)
	at org.gradle.internal.execution.steps.
ResolveChangesStep.execute(ResolveChange
sStep.java:65)
	at org.gradle.internal.execution.steps.
ResolveChangesStep.execute(ResolveChange
sStep.java:36)
	at org.gradle.internal.execution.steps.
ValidateStep.execute(ValidateStep.java:1
05)
	at org.gradle.internal.execution.steps.
ValidateStep.execute(ValidateStep.java:5
4)
	at org.gradle.internal.execution.steps.
AbstractCaptureStateBeforeExecutionStep.
execute(AbstractCaptureStateBeforeExecut
ionStep.java:64)
	at org.gradle.internal.execution.steps.
AbstractCaptureStateBeforeExecutionStep.
execute(AbstractCaptureStateBeforeExecut
ionStep.java:43)
	at org.gradle.internal.execution.steps.
AbstractSkipEmptyWorkStep.executeWithNon
EmptySources(AbstractSkipEmptyWorkStep.j
ava:125)
	at org.gradle.internal.execution.steps.
AbstractSkipEmptyWorkStep.execute(Abstra
ctSkipEmptyWorkStep.java:56)
	at org.gradle.internal.execution.steps.
AbstractSkipEmptyWorkStep.execute(Abstra
ctSkipEmptyWorkStep.java:36)
	at org.gradle.internal.execution.steps.
legacy.MarkSnapshottingInputsStartedStep
.execute(MarkSnapshottingInputsStartedSt
ep.java:38)
	at org.gradle.internal.execution.steps.
LoadPreviousExecutionStateStep.execute(L
oadPreviousExecutionStateStep.java:36)
	at org.gradle.internal.execution.steps.
LoadPreviousExecutionStateStep.execute(L
oadPreviousExecutionStateStep.java:23)
	at org.gradle.internal.execution.steps.
HandleStaleOutputsStep.execute(HandleSta
leOutputsStep.java:75)
	at org.gradle.internal.execution.steps.
HandleStaleOutputsStep.execute(HandleSta
leOutputsStep.java:41)
	at org.gradle.internal.execution.steps.
AssignMutableWorkspaceStep.lambda$execut
e$0(AssignMutableWorkspaceStep.java:35)
	at org.gradle.api.internal.tasks.execut
ion.TaskExecution$4.withWorkspace(TaskEx
ecution.java:289)
	at org.gradle.internal.execution.steps.
AssignMutableWorkspaceStep.execute(Assig
nMutableWorkspaceStep.java:31)
	at org.gradle.internal.execution.steps.
AssignMutableWorkspaceStep.execute(Assig
nMutableWorkspaceStep.java:22)
	at org.gradle.internal.execution.steps.
ChoosePipelineStep.execute(ChoosePipelin
eStep.java:40)
	at org.gradle.internal.execution.steps.
ChoosePipelineStep.execute(ChoosePipelin
eStep.java:23)
	at org.gradle.internal.execution.steps.
ExecuteWorkBuildOperationFiringStep.lamb
da$execute$2(ExecuteWorkBuildOperationFi
ringStep.java:67)
	at org.gradle.internal.execution.steps.
ExecuteWorkBuildOperationFiringStep.exec
ute(ExecuteWorkBuildOperationFiringStep.
java:67)
	at org.gradle.internal.execution.steps.
ExecuteWorkBuildOperationFiringStep.exec
ute(ExecuteWorkBuildOperationFiringStep.
java:39)
	at org.gradle.internal.execution.steps.
IdentityCacheStep.execute(IdentityCacheS
tep.java:46)
	at org.gradle.internal.execution.steps.
IdentityCacheStep.execute(IdentityCacheS
tep.java:34)
	at org.gradle.internal.execution.steps.
IdentifyStep.execute(IdentifyStep.java:4
8)
	at org.gradle.internal.execution.steps.
IdentifyStep.execute(IdentifyStep.java:3
5)
	at org.gradle.internal.execution.impl.D
efaultExecutionEngine$1.execute(DefaultE
xecutionEngine.java:61)
	at org.gradle.api.internal.tasks.execut
ion.ExecuteActionsTaskExecuter.executeIf
Valid(ExecuteActionsTaskExecuter.java:12
7)
	at org.gradle.api.internal.tasks.execut
ion.ExecuteActionsTaskExecuter.execute(E
xecuteActionsTaskExecuter.java:116)
	at org.gradle.api.internal.tasks.execut
ion.FinalizePropertiesTaskExecuter.execu
te(FinalizePropertiesTaskExecuter.java:4
6)
	at org.gradle.api.internal.tasks.execut
ion.ResolveTaskExecutionModeExecuter.exe
cute(ResolveTaskExecutionModeExecuter.ja
va:51)
	at org.gradle.api.internal.tasks.execut
ion.SkipTaskWithNoActionsExecuter.execut
e(SkipTaskWithNoActionsExecuter.java:57)
	at org.gradle.api.internal.tasks.execut
ion.SkipOnlyIfTaskExecuter.execute(SkipO
nlyIfTaskExecuter.java:74)
	at org.gradle.api.internal.tasks.execut
ion.CatchExceptionTaskExecuter.execute(C
atchExceptionTaskExecuter.java:36)
	at org.gradle.api.internal.tasks.execut
ion.EventFiringTaskExecuter$1.executeTas
k(EventFiringTaskExecuter.java:77)
	at org.gradle.api.internal.tasks.execut
ion.EventFiringTaskExecuter$1.call(Event
FiringTaskExecuter.java:55)
	at org.gradle.api.internal.tasks.execut
ion.EventFiringTaskExecuter$1.call(Event
FiringTaskExecuter.java:52)
	at org.gradle.internal.operations.Defau
ltBuildOperationRunner$CallableBuildOper
ationWorker.execute(DefaultBuildOperatio
nRunner.java:209)
	at org.gradle.internal.operations.Defau
ltBuildOperationRunner$CallableBuildOper
ationWorker.execute(DefaultBuildOperatio
nRunner.java:204)
	at org.gradle.internal.operations.Defau
ltBuildOperationRunner$2.execute(Default
BuildOperationRunner.java:66)
	at org.gradle.internal.operations.Defau
ltBuildOperationRunner$2.execute(Default
BuildOperationRunner.java:59)
	at org.gradle.internal.operations.Defau
ltBuildOperationRunner.execute(DefaultBu
ildOperationRunner.java:166)
	at org.gradle.internal.operations.Defau
ltBuildOperationRunner.execute(DefaultBu
ildOperationRunner.java:59)
	at org.gradle.internal.operations.Defau
ltBuildOperationRunner.call(DefaultBuild
OperationRunner.java:53)
	at org.gradle.api.internal.tasks.execut
ion.EventFiringTaskExecuter.execute(Even
tFiringTaskExecuter.java:52)
	at org.gradle.execution.plan.LocalTaskN
odeExecutor.execute(LocalTaskNodeExecuto
r.java:42)
	at org.gradle.execution.taskgraph.Defau
ltTaskExecutionGraph$InvokeNodeExecutors
Action.execute(DefaultTaskExecutionGraph
.java:331)
	at org.gradle.execution.taskgraph.Defau
ltTaskExecutionGraph$InvokeNodeExecutors
Action.execute(DefaultTaskExecutionGraph
.java:318)
	at org.gradle.execution.taskgraph.Defau
ltTaskExecutionGraph$BuildOperationAware
ExecutionAction.lambda$execute$0(Default
TaskExecutionGraph.java:314)
	at org.gradle.internal.operations.Curre
ntBuildOperationRef.with(CurrentBuildOpe
rationRef.java:85)
	at org.gradle.execution.taskgraph.Defau
ltTaskExecutionGraph$BuildOperationAware
ExecutionAction.execute(DefaultTaskExecu
tionGraph.java:314)
	at org.gradle.execution.taskgraph.Defau
ltTaskExecutionGraph$BuildOperationAware
ExecutionAction.execute(DefaultTaskExecu
tionGraph.java:303)
	at org.gradle.execution.plan.DefaultPla
nExecutor$ExecutorWorker.execute(Default
PlanExecutor.java:459)
	at org.gradle.execution.plan.DefaultPla
nExecutor$ExecutorWorker.run(DefaultPlan
Executor.java:376)
	at org.gradle.internal.concurrent.Execu
torPolicy$CatchAndRecordFailures.onExecu
te(ExecutorPolicy.java:64)
	at org.gradle.internal.concurrent.Abstr
actManagedExecutor$1.run(AbstractManaged
Executor.java:48)
Caused by: java.lang.RuntimeException: 
An issue was found when checking AAR 
metadata:

  1.  Dependency 
':flutter_local_notifications' requires 
core library desugaring to be enabled
      for :app.

      See https://developer.android.com/
studio/write/java8-support.html for more
      details.
	at com.android.build.gradle.internal.ta
sks.CheckAarMetadataWorkAction.execute(C
heckAarMetadataTask.kt:226)
	at org.gradle.workers.internal.DefaultW
orkerServer.execute(DefaultWorkerServer.
java:63)
	at org.gradle.workers.internal.NoIsolat
ionWorkerFactory$1$1.create(NoIsolationW
orkerFactory.java:66)
	at org.gradle.workers.internal.NoIsolat
ionWorkerFactory$1$1.create(NoIsolationW
orkerFactory.java:62)
	at org.gradle.internal.classloader.Clas
sLoaderUtils.executeInClassloader(ClassL
oaderUtils.java:100)
	at org.gradle.workers.internal.NoIsolat
ionWorkerFactory$1.lambda$execute$0(NoIs
olationWorkerFactory.java:62)
	at org.gradle.workers.internal.Abstract
Worker$1.call(AbstractWorker.java:44)
	at org.gradle.workers.internal.Abstract
Worker$1.call(AbstractWorker.java:41)
	at org.gradle.internal.operations.Defau
ltBuildOperationRunner$CallableBuildOper
ationWorker.execute(DefaultBuildOperatio
nRunner.java:209)
	at org.gradle.internal.operations.Defau
ltBuildOperationRunner$CallableBuildOper
ationWorker.execute(DefaultBuildOperatio
nRunner.java:204)
	at org.gradle.internal.operations.Defau
ltBuildOperationRunner$2.execute(Default
BuildOperationRunner.java:66)
	at org.gradle.internal.operations.Defau
ltBuildOperationRunner$2.execute(Default
BuildOperationRunner.java:59)
	at org.gradle.internal.operations.Defau
ltBuildOperationRunner.execute(DefaultBu
ildOperationRunner.java:166)
	at org.gradle.internal.operations.Defau
ltBuildOperationRunner.execute(DefaultBu
ildOperationRunner.java:59)
	at org.gradle.internal.operations.Defau
ltBuildOperationRunner.call(DefaultBuild
OperationRunner.java:53)
	at org.gradle.workers.internal.Abstract
Worker.executeWrappedInBuildOperation(Ab
stractWorker.java:41)
	at org.gradle.workers.internal.NoIsolat
ionWorkerFactory$1.execute(NoIsolationWo
rkerFactory.java:59)
	at org.gradle.workers.internal.DefaultW
orkerExecutor.lambda$submitWork$0(Defaul
tWorkerExecutor.java:174)
	at org.gradle.internal.work.DefaultCond
itionalExecutionQueue$ExecutionRunner.ru
nExecution(DefaultConditionalExecutionQu
eue.java:195)
	at org.gradle.internal.work.DefaultCond
itionalExecutionQueue$ExecutionRunner.ac
cess$700(DefaultConditionalExecutionQueu
e.java:128)
	at org.gradle.internal.work.DefaultCond
itionalExecutionQueue$ExecutionRunner$1.
run(DefaultConditionalExecutionQueue.jav
a:170)
	at org.gradle.internal.Factories$1.crea
te(Factories.java:31)
	at org.gradle.internal.work.DefaultWork
erLeaseService.withLocks(DefaultWorkerLe
aseService.java:267)
	at org.gradle.internal.work.DefaultWork
erLeaseService.runAsWorkerThread(Default
WorkerLeaseService.java:131)

Deprecated Gradle features were used in this build, making it incompatible with Gradle 9.0.

You can use '--warning-mode all' to show the individual deprecation warnings and determine if they come from your own scripts or plugins.

For more on this, please refer to https://docs.gradle.org/8.9/userguide/command_line_interface.html#sec:command_line_warnings in the Gradle documentation.
20 actionable tasks: 2 executed, 18 up-to-date
	at org.gradle.internal.work.DefaultWork
erLeaseService.runAsWorkerThread(Default
WorkerLeaseService.java:136)
	at org.gradle.internal.work.DefaultCond
itionalExecutionQueue$ExecutionRunner.ru
nBatch(DefaultConditionalExecutionQueue.
java:165)
	at org.gradle.internal.work.DefaultCond
itionalExecutionQueue$ExecutionRunner.ru
n(DefaultConditionalExecutionQueue.java:
134)
	... 2 more


BUILD FAILED in 4s
